<?xml version="1.0" encoding="UTF-8"?>
<!-- Generated by org.testng.reporters.JUnitReportReporter -->
<testsuite skipped="0" hostname="Zoias-MBP.frontierlocal.net" name="com.class01.Task2" tests="1" failures="0" timestamp="30 May 2019 22:53:06 GMT" time="0.006" errors="0">
  <testcase name="methodTest" time="0.006" classname="com.class01.Task2"/>
</testsuite> <!-- com.class01.Task2 -->
