<?xml version="1.0" encoding="UTF-8"?>
<!-- Generated by org.testng.reporters.JUnitReportReporter -->
<testsuite skipped="0" hostname="Zoias-MBP.frontierlocal.net" name="com.class02.Task1" tests="1" failures="0" timestamp="31 May 2019 00:23:11 GMT" time="0.483" errors="0">
  <testcase name="test" time="0.483" classname="com.class02.Task1"/>
</testsuite> <!-- com.class02.Task1 -->
