<?xml version="1.0" encoding="UTF-8"?>
<!-- Generated by org.testng.reporters.JUnitReportReporter -->
<testsuite skipped="0" hostname="Zoias-MBP.frontierlocal.net" name="com.class01.test" tests="3" failures="0" timestamp="29 May 2019 01:14:45 GMT" time="0.012" errors="0">
  <testcase name="a" time="0.009" classname="com.class01.test"/>
  <testcase name="test" time="0.001" classname="com.class01.test"/>
  <testcase name="b" time="0.002" classname="com.class01.test"/>
</testsuite> <!-- com.class01.test -->
